<?xml version="1.0" encoding="UTF-8"?>
<!-- Generated by org.testng.reporters.JUnitReportReporter -->
<testsuite ignored="0" hostname="LAPTOP-006BP44J" failures="0" tests="1" name="mother.pruebaTest" time="2.876" errors="0" timestamp="03 feb. 2024 04:05:24 GMT" skipped="0">
  <testcase classname="mother.pruebaTest" name="f" time="2.876"/>
</testsuite> <!-- mother.pruebaTest -->
